<?xml version="1.0" encoding="UTF-8"?>
<!-- Generated by org.testng.reporters.JUnitXMLReporter -->
<testsuite hostname="Morris-Swertzs-MacBook-Air.local" name="Default test" tests="7" failures="0" timestamp="16 Feb 2013 11:30:01 GMT" time="2.042" errors="0">
  <testcase name="test" time="0.89" classname="org.molgenis.compute5.test.workflows.SplitMergeTest"/>
  <testcase name="test1" time="0.094" classname="org.molgenis.compute5.test.parsers.WorkflowParserTest"/>
  <testcase name="test" time="0.277" classname="org.molgenis.compute5.test.workflows.IncludeParameterFileTest"/>
  <testcase name="test" time="0.373" classname="org.molgenis.compute5.test.workflows.NgsWorkflowTest"/>
  <testcase name="test" time="0.0030" classname="org.molgenis.compute5.test.parsers.TupleUtilsTest"/>
  <testcase name="test" time="0.0040" classname="org.molgenis.compute5.test.parsers.ParametersParserTest"/>
  <testcase name="test" time="0.356" classname="org.molgenis.compute5.test.workflows.CopyFileWorkflowTest"/>
</testsuite> <!-- Default test -->
