# JRE version: Java(TM) SE Runtime Environment (8.0_73-b02) (build 1.8.0_73-b02)
# Java VM: Java HotSpot(TM) 64-Bit Server VM (25.73-b02 mixed mode bsd-amd64 compressed oops)
Heap:
 PSYoungGen      total 612864K, used 212091K [0x0000000795580000, 0x00000007c0000000, 0x00000007c0000000)
  eden space 566784K, 29% used [0x0000000795580000,0x000000079f7f4630,0x00000007b7f00000)
  from space 46080K, 99% used [0x00000007b7f00000,0x00000007babaa958,0x00000007bac00000)
  to   space 67584K, 0% used [0x00000007bbe00000,0x00000007bbe00000,0x00000007c0000000)
 ParOldGen       total 284160K, used 119343K [0x0000000740000000, 0x0000000751580000, 0x0000000795580000)
  object space 284160K, 41% used [0x0000000740000000,0x000000074748bf68,0x0000000751580000)
 Metaspace       used 153213K, capacity 155756K, committed 155992K, reserved 1185792K
  class space    used 19287K, capacity 19817K, committed 19840K, reserved 1048576K
GC Heap History (10 events):
Event: 34.942 GC heap before
{Heap before GC invocations=21 (full 4):
 PSYoungGen      total 628736K, used 33223K [0x0000000795580000, 0x00000007c0000000, 0x00000007c0000000)
  eden space 558592K, 0% used [0x0000000795580000,0x0000000795580000,0x00000007b7700000)
  from space 70144K, 47% used [0x00000007b7700000,0x00000007b9771dd0,0x00000007bbb80000)
  to   space 67584K, 0% used [0x00000007bbe00000,0x00000007bbe00000,0x00000007c0000000)
 ParOldGen       total 177664K, used 116232K [0x0000000740000000, 0x000000074ad80000, 0x0000000795580000)
  object space 177664K, 65% used [0x0000000740000000,0x0000000747182028,0x000000074ad80000)
 Metaspace       used 96376K, capacity 98254K, committed 98380K, reserved 1134592K
  class space    used 12018K, capacity 12466K, committed 12544K, reserved 1048576K
Event: 35.388 GC heap after
Heap after GC invocations=21 (full 4):
 PSYoungGen      total 628736K, used 0K [0x0000000795580000, 0x00000007c0000000, 0x00000007c0000000)
  eden space 558592K, 0% used [0x0000000795580000,0x0000000795580000,0x00000007b7700000)
  from space 70144K, 0% used [0x00000007b7700000,0x00000007b7700000,0x00000007bbb80000)
  to   space 67584K, 0% used [0x00000007bbe00000,0x00000007bbe00000,0x00000007c0000000)
 ParOldGen       total 284160K, used 112500K [0x0000000740000000, 0x0000000751580000, 0x0000000795580000)
  object space 284160K, 39% used [0x0000000740000000,0x0000000746ddd258,0x0000000751580000)
 Metaspace       used 95967K, capacity 97600K, committed 98380K, reserved 1134592K
  class space    used 11957K, capacity 12357K, committed 12544K, reserved 1048576K
}
Event: 39.814 GC heap before
{Heap before GC invocations=22 (full 4):
 PSYoungGen      total 628736K, used 558592K [0x0000000795580000, 0x00000007c0000000, 0x00000007c0000000)
  eden space 558592K, 100% used [0x0000000795580000,0x00000007b7700000,0x00000007b7700000)
  from space 70144K, 0% used [0x00000007b7700000,0x00000007b7700000,0x00000007bbb80000)
  to   space 67584K, 0% used [0x00000007bbe00000,0x00000007bbe00000,0x00000007c0000000)
 ParOldGen       total 284160K, used 112503K [0x0000000740000000, 0x0000000751580000, 0x0000000795580000)
  object space 284160K, 39% used [0x0000000740000000,0x0000000746dddce8,0x0000000751580000)
 Metaspace       used 120064K, capacity 121804K, committed 122584K, reserved 1157120K
  class space    used 15253K, capacity 15671K, committed 15872K, reserved 1048576K
Event: 39.844 GC heap after
Heap after GC invocations=22 (full 4):
 PSYoungGen      total 622080K, used 33220K [0x0000000795580000, 0x00000007bf980000, 0x00000007c0000000)
  eden space 561152K, 0% used [0x0000000795580000,0x0000000795580000,0x00000007b7980000)
  from space 60928K, 54% used [0x00000007bbe00000,0x00000007bde71328,0x00000007bf980000)
  to   space 65536K, 0% used [0x00000007b7980000,0x00000007b7980000,0x00000007bb980000)
 ParOldGen       total 284160K, used 112511K [0x0000000740000000, 0x0000000751580000, 0x0000000795580000)
  object space 284160K, 39% used [0x0000000740000000,0x0000000746ddfce8,0x0000000751580000)
 Metaspace       used 120064K, capacity 121804K, committed 122584K, reserved 1157120K
  class space    used 15253K, capacity 15671K, committed 15872K, reserved 1048576K
}
Event: 46.065 GC heap before
{Heap before GC invocations=23 (full 4):
 PSYoungGen      total 622080K, used 594372K [0x0000000795580000, 0x00000007bf980000, 0x00000007c0000000)
  eden space 561152K, 100% used [0x0000000795580000,0x00000007b7980000,0x00000007b7980000)
  from space 60928K, 54% used [0x00000007bbe00000,0x00000007bde71328,0x00000007bf980000)
  to   space 65536K, 0% used [0x00000007b7980000,0x00000007b7980000,0x00000007bb980000)
 ParOldGen       total 284160K, used 112511K [0x0000000740000000, 0x0000000751580000, 0x0000000795580000)
  object space 284160K, 39% used [0x0000000740000000,0x0000000746ddfce8,0x0000000751580000)
 Metaspace       used 134287K, capacity 136248K, committed 136536K, reserved 1169408K
  class space    used 16983K, capacity 17451K, committed 17536K, reserved 1048576K
Event: 46.098 GC heap after
Heap after GC invocations=23 (full 4):
 PSYoungGen      total 626688K, used 34290K [0x0000000795580000, 0x00000007c0000000, 0x00000007c0000000)
  eden space 561152K, 0% used [0x0000000795580000,0x0000000795580000,0x00000007b7980000)
  from space 65536K, 52% used [0x00000007b7980000,0x00000007b9afcba0,0x00000007bb980000)
  to   space 63488K, 0% used [0x00000007bc200000,0x00000007bc200000,0x00000007c0000000)
 ParOldGen       total 284160K, used 112519K [0x0000000740000000, 0x0000000751580000, 0x0000000795580000)
  object space 284160K, 39% used [0x0000000740000000,0x0000000746de1ce8,0x0000000751580000)
 Metaspace       used 134287K, capacity 136248K, committed 136536K, reserved 1169408K
  class space    used 16983K, capacity 17451K, committed 17536K, reserved 1048576K
}
Event: 50.334 GC heap before
{Heap before GC invocations=24 (full 4):
 PSYoungGen      total 626688K, used 595442K [0x0000000795580000, 0x00000007c0000000, 0x00000007c0000000)
  eden space 561152K, 100% used [0x0000000795580000,0x00000007b7980000,0x00000007b7980000)
  from space 65536K, 52% used [0x00000007b7980000,0x00000007b9afcba0,0x00000007bb980000)
  to   space 63488K, 0% used [0x00000007bc200000,0x00000007bc200000,0x00000007c0000000)
 ParOldGen       total 284160K, used 112519K [0x0000000740000000, 0x0000000751580000, 0x0000000795580000)
  object space 284160K, 39% used [0x0000000740000000,0x0000000746de1ce8,0x0000000751580000)
 Metaspace       used 142209K, capacity 144468K, committed 144600K, reserved 1175552K
  class space    used 17852K, capacity 18355K, committed 18432K, reserved 1048576K
Event: 50.375 GC heap after
Heap after GC invocations=24 (full 4):
 PSYoungGen      total 630272K, used 45126K [0x0000000795580000, 0x00000007c0000000, 0x00000007c0000000)
  eden space 566784K, 0% used [0x0000000795580000,0x0000000795580000,0x00000007b7f00000)
  from space 63488K, 71% used [0x00000007bc200000,0x00000007bee11860,0x00000007c0000000)
  to   space 66048K, 0% used [0x00000007b7f00000,0x00000007b7f00000,0x00000007bbf80000)
 ParOldGen       total 284160K, used 112527K [0x0000000740000000, 0x0000000751580000, 0x0000000795580000)
  object space 284160K, 39% used [0x0000000740000000,0x0000000746de3ce8,0x0000000751580000)
 Metaspace       used 142209K, capacity 144468K, committed 144600K, reserved 1175552K
  class space    used 17852K, capacity 18355K, committed 18432K, reserved 1048576K
}
Event: 52.685 GC heap before
{Heap before GC invocations=25 (full 4):
 PSYoungGen      total 630272K, used 611910K [0x0000000795580000, 0x00000007c0000000, 0x00000007c0000000)
  eden space 566784K, 100% used [0x0000000795580000,0x00000007b7f00000,0x00000007b7f00000)
  from space 63488K, 71% used [0x00000007bc200000,0x00000007bee11860,0x00000007c0000000)
  to   space 66048K, 0% used [0x00000007b7f00000,0x00000007b7f00000,0x00000007bbf80000)
 ParOldGen       total 284160K, used 112527K [0x0000000740000000, 0x0000000751580000, 0x0000000795580000)
  object space 284160K, 39% used [0x0000000740000000,0x0000000746de3ce8,0x0000000751580000)
 Metaspace       used 149737K, capacity 152276K, committed 152536K, reserved 1181696K
  class space    used 18840K, capacity 19381K, committed 19456K, reserved 1048576K
Event: 52.732 GC heap after
Heap after GC invocations=25 (full 4):
 PSYoungGen      total 612864K, used 45738K [0x0000000795580000, 0x00000007c0000000, 0x00000007c0000000)
  eden space 566784K, 0% used [0x0000000795580000,0x0000000795580000,0x00000007b7f00000)
  from space 46080K, 99% used [0x00000007b7f00000,0x00000007babaa958,0x00000007bac00000)
  to   space 67584K, 0% used [0x00000007bbe00000,0x00000007bbe00000,0x00000007c0000000)
 ParOldGen       total 284160K, used 119343K [0x0000000740000000, 0x0000000751580000, 0x0000000795580000)
  object space 284160K, 41% used [0x0000000740000000,0x000000074748bf68,0x0000000751580000)
 Metaspace       used 149737K, capacity 152276K, committed 152536K, reserved 1181696K
  class space    used 18840K, capacity 19381K, committed 19456K, reserved 1048576K
}

