<?xml version="1.0" ?>
<!DOCTYPE coverage SYSTEM "http://cobertura.sourceforge.net/xml/coverage-04.dtd">
<coverage lines-valid="117"  lines-covered="92"  line-rate="0.7863"  branches-valid="17"  branches-covered="13"  branch-rate="0.7646999999999999"  timestamp="1497259501710" complexity="0" version="0.1">
<sources>
	<source>/Users/mdehaan/git/molgenis-apps-core/navigator/src/main/frontend</source>
</sources>
<packages>
	<package name="src"  line-rate="1"  branch-rate="1" >
	<classes>
		<class name="MgApp.vue"  filename="src/MgApp.vue"  line-rate="1"  branch-rate="1" >
		<methods>
		</methods>
		<lines>
		</lines>
		</class>
	</classes>
	</package>
	<package name="src.components"  line-rate="0.47619999999999996"  branch-rate="0.6" >
	<classes>
		<class name="Navigator.vue"  filename="src/components/Navigator.vue"  line-rate="0.47619999999999996"  branch-rate="0.6" >
		<methods>
			<method name="(anonymous_0)"  hits="1"  signature="()V" >
				<lines><line number="104"  hits="1" /></lines>
			</method>
			<method name="(anonymous_1)"  hits="1"  signature="()V" >
				<lines><line number="110"  hits="1" /></lines>
			</method>
			<method name="(anonymous_2)"  hits="1"  signature="()V" >
				<lines><line number="114"  hits="1" /></lines>
			</method>
			<method name="(anonymous_3)"  hits="3"  signature="()V" >
				<lines><line number="118"  hits="3" /></lines>
			</method>
			<method name="(anonymous_4)"  hits="0"  signature="()V" >
				<lines><line number="155"  hits="0" /></lines>
			</method>
		</methods>
		<lines>
			<line number="87"  hits="0"  branch="false" />
			<line number="105"  hits="1"  branch="false" />
			<line number="106"  hits="1"  branch="false" />
			<line number="107"  hits="1"  branch="false" />
			<line number="108"  hits="1"  branch="false" />
			<line number="111"  hits="1"  branch="false" />
			<line number="112"  hits="1"  branch="false" />
			<line number="115"  hits="1"  branch="false" />
			<line number="116"  hits="1"  branch="false" />
			<line number="119"  hits="3"  branch="false" />
			<line number="120"  hits="3"  branch="true"  condition-coverage="100% (3/3)" />
			<line number="126"  hits="0"  branch="false" />
			<line number="129"  hits="0"  branch="false" />
			<line number="133"  hits="0"  branch="false" />
			<line number="136"  hits="0"  branch="false" />
			<line number="140"  hits="0"  branch="false" />
			<line number="144"  hits="0"  branch="false" />
			<line number="148"  hits="0"  branch="false" />
			<line number="151"  hits="0"  branch="false" />
			<line number="156"  hits="0"  branch="true"  condition-coverage="0% (0/2)" />
			<line number="160"  hits="0"  branch="false" />
		</lines>
		</class>
	</classes>
	</package>
	<package name="src.router"  line-rate="1"  branch-rate="1" >
	<classes>
		<class name="index.js"  filename="src/router/index.js"  line-rate="1"  branch-rate="1" >
		<methods>
		</methods>
		<lines>
			<line number="5"  hits="1"  branch="false" />
		</lines>
		</class>
	</classes>
	</package>
	<package name="src.store"  line-rate="0.8526"  branch-rate="0.8332999999999999" >
	<classes>
		<class name="actions.js"  filename="src/store/actions.js"  line-rate="0.8375"  branch-rate="0.8332999999999999" >
		<methods>
			<method name="resetToHome"  hits="3"  signature="()V" >
				<lines><line number="19"  hits="3" /></lines>
			</method>
			<method name="(anonymous_1)"  hits="6"  signature="()V" >
				<lines><line number="20"  hits="6" /></lines>
			</method>
			<method name="buildPath"  hits="2"  signature="()V" >
				<lines><line number="35"  hits="2" /></lines>
			</method>
			<method name="(anonymous_3)"  hits="3"  signature="()V" >
				<lines><line number="38"  hits="3" /></lines>
			</method>
			<method name="toEntity"  hits="2"  signature="()V" >
				<lines><line number="52"  hits="2" /></lines>
			</method>
			<method name="getAllPackages"  hits="4"  signature="()V" >
				<lines><line number="66"  hits="4" /></lines>
			</method>
			<method name="(anonymous_6)"  hits="4"  signature="()V" >
				<lines><line number="67"  hits="4" /></lines>
			</method>
			<method name="(anonymous_7)"  hits="4"  signature="()V" >
				<lines><line number="69"  hits="4" /></lines>
			</method>
			<method name="(anonymous_8)"  hits="0"  signature="()V" >
				<lines><line number="71"  hits="0" /></lines>
			</method>
			<method name="queryPackages"  hits="2"  signature="()V" >
				<lines><line number="82"  hits="2" /></lines>
			</method>
			<method name="(anonymous_10)"  hits="2"  signature="()V" >
				<lines><line number="83"  hits="2" /></lines>
			</method>
			<method name="(anonymous_11)"  hits="1"  signature="()V" >
				<lines><line number="85"  hits="1" /></lines>
			</method>
			<method name="(anonymous_12)"  hits="1"  signature="()V" >
				<lines><line number="87"  hits="1" /></lines>
			</method>
			<method name="(anonymous_13)"  hits="2"  signature="()V" >
				<lines><line number="95"  hits="2" /></lines>
			</method>
			<method name="(anonymous_14)"  hits="0"  signature="()V" >
				<lines><line number="97"  hits="0" /></lines>
			</method>
			<method name="(anonymous_15)"  hits="0"  signature="()V" >
				<lines><line number="100"  hits="0" /></lines>
			</method>
			<method name="(anonymous_16)"  hits="1"  signature="()V" >
				<lines><line number="105"  hits="1" /></lines>
			</method>
			<method name="(anonymous_17)"  hits="1"  signature="()V" >
				<lines><line number="108"  hits="1" /></lines>
			</method>
			<method name="(anonymous_18)"  hits="2"  signature="()V" >
				<lines><line number="116"  hits="2" /></lines>
			</method>
			<method name="(anonymous_19)"  hits="1"  signature="()V" >
				<lines><line number="120"  hits="1" /></lines>
			</method>
			<method name="(anonymous_20)"  hits="1"  signature="()V" >
				<lines><line number="124"  hits="1" /></lines>
			</method>
			<method name="(anonymous_21)"  hits="1"  signature="()V" >
				<lines><line number="132"  hits="1" /></lines>
			</method>
			<method name="(anonymous_22)"  hits="1"  signature="()V" >
				<lines><line number="133"  hits="1" /></lines>
			</method>
			<method name="(anonymous_23)"  hits="0"  signature="()V" >
				<lines><line number="137"  hits="0" /></lines>
			</method>
			<method name="(anonymous_24)"  hits="1"  signature="()V" >
				<lines><line number="144"  hits="1" /></lines>
			</method>
			<method name="(anonymous_25)"  hits="1"  signature="()V" >
				<lines><line number="145"  hits="1" /></lines>
			</method>
			<method name="(anonymous_26)"  hits="0"  signature="()V" >
				<lines><line number="148"  hits="0" /></lines>
			</method>
			<method name="(anonymous_27)"  hits="3"  signature="()V" >
				<lines><line number="155"  hits="3" /></lines>
			</method>
			<method name="(anonymous_28)"  hits="3"  signature="()V" >
				<lines><line number="156"  hits="3" /></lines>
			</method>
			<method name="(anonymous_29)"  hits="4"  signature="()V" >
				<lines><line number="160"  hits="4" /></lines>
			</method>
			<method name="(anonymous_30)"  hits="3"  signature="()V" >
				<lines><line number="170"  hits="3" /></lines>
			</method>
			<method name="(anonymous_31)"  hits="0"  signature="()V" >
				<lines><line number="180"  hits="0" /></lines>
			</method>
		</methods>
		<lines>
			<line number="7"  hits="1"  branch="false" />
			<line number="8"  hits="1"  branch="false" />
			<line number="9"  hits="1"  branch="false" />
			<line number="10"  hits="1"  branch="false" />
			<line number="11"  hits="1"  branch="false" />
			<line number="20"  hits="3"  branch="false" />
			<line number="21"  hits="6"  branch="false" />
			<line number="23"  hits="3"  branch="false" />
			<line number="24"  hits="3"  branch="false" />
			<line number="25"  hits="3"  branch="false" />
			<line number="36"  hits="2"  branch="true"  condition-coverage="100% (2/2)" />
			<line number="37"  hits="1"  branch="false" />
			<line number="38"  hits="1"  branch="false" />
			<line number="39"  hits="3"  branch="false" />
			<line number="41"  hits="1"  branch="false" />
			<line number="43"  hits="2"  branch="false" />
			<line number="44"  hits="2"  branch="false" />
			<line number="53"  hits="2"  branch="false" />
			<line number="67"  hits="4"  branch="false" />
			<line number="68"  hits="4"  branch="false" />
			<line number="69"  hits="4"  branch="false" />
			<line number="70"  hits="4"  branch="false" />
			<line number="72"  hits="0"  branch="false" />
			<line number="83"  hits="2"  branch="false" />
			<line number="84"  hits="2"  branch="false" />
			<line number="85"  hits="2"  branch="false" />
			<line number="86"  hits="1"  branch="false" />
			<line number="88"  hits="1"  branch="false" />
			<line number="95"  hits="2"  branch="false" />
			<line number="96"  hits="2"  branch="true"  condition-coverage="50% (1/2)" />
			<line number="97"  hits="0"  branch="false" />
			<line number="98"  hits="0"  branch="false" />
			<line number="99"  hits="0"  branch="false" />
			<line number="101"  hits="0"  branch="false" />
			<line number="102"  hits="0"  branch="false" />
			<line number="105"  hits="2"  branch="false" />
			<line number="106"  hits="1"  branch="false" />
			<line number="107"  hits="1"  branch="false" />
			<line number="109"  hits="1"  branch="false" />
			<line number="110"  hits="1"  branch="false" />
			<line number="116"  hits="2"  branch="false" />
			<line number="117"  hits="2"  branch="true"  condition-coverage="50% (1/2)" />
			<line number="118"  hits="0"  branch="false" />
			<line number="120"  hits="2"  branch="false" />
			<line number="121"  hits="1"  branch="false" />
			<line number="122"  hits="1"  branch="false" />
			<line number="123"  hits="1"  branch="false" />
			<line number="125"  hits="1"  branch="false" />
			<line number="126"  hits="1"  branch="false" />
			<line number="132"  hits="1"  branch="false" />
			<line number="133"  hits="1"  branch="false" />
			<line number="134"  hits="1"  branch="false" />
			<line number="135"  hits="1"  branch="false" />
			<line number="136"  hits="1"  branch="false" />
			<line number="138"  hits="0"  branch="false" />
			<line number="139"  hits="0"  branch="false" />
			<line number="144"  hits="1"  branch="false" />
			<line number="145"  hits="1"  branch="false" />
			<line number="146"  hits="1"  branch="false" />
			<line number="147"  hits="1"  branch="false" />
			<line number="149"  hits="0"  branch="false" />
			<line number="150"  hits="0"  branch="false" />
			<line number="155"  hits="3"  branch="false" />
			<line number="156"  hits="3"  branch="false" />
			<line number="157"  hits="3"  branch="true"  condition-coverage="100% (2/2)" />
			<line number="158"  hits="1"  branch="false" />
			<line number="160"  hits="2"  branch="false" />
			<line number="161"  hits="4"  branch="false" />
			<line number="164"  hits="2"  branch="true"  condition-coverage="100% (2/2)" />
			<line number="165"  hits="1"  branch="false" />
			<line number="166"  hits="1"  branch="false" />
			<line number="167"  hits="1"  branch="false" />
			<line number="170"  hits="1"  branch="false" />
			<line number="171"  hits="3"  branch="true"  condition-coverage="100% (2/2)" />
			<line number="173"  hits="1"  branch="false" />
			<line number="175"  hits="1"  branch="false" />
			<line number="176"  hits="1"  branch="false" />
			<line number="177"  hits="1"  branch="false" />
			<line number="181"  hits="0"  branch="false" />
			<line number="182"  hits="0"  branch="false" />
		</lines>
		</class>
		<class name="getters.js"  filename="src/store/getters.js"  line-rate="1"  branch-rate="1" >
		<methods>
		</methods>
		<lines>
			<line number="3"  hits="1"  branch="false" />
		</lines>
		</class>
		<class name="index.js"  filename="src/store/index.js"  line-rate="1"  branch-rate="1" >
		<methods>
		</methods>
		<lines>
			<line number="9"  hits="1"  branch="false" />
		</lines>
		</class>
		<class name="mutations.js"  filename="src/store/mutations.js"  line-rate="0.9167000000000001"  branch-rate="1" >
		<methods>
		</methods>
		<lines>
			<line number="3"  hits="1"  branch="false" />
			<line number="4"  hits="1"  branch="false" />
			<line number="5"  hits="1"  branch="false" />
			<line number="6"  hits="1"  branch="false" />
			<line number="7"  hits="1"  branch="false" />
			<line number="8"  hits="1"  branch="false" />
			<line number="12"  hits="5"  branch="false" />
			<line number="15"  hits="1"  branch="false" />
			<line number="18"  hits="3"  branch="false" />
			<line number="21"  hits="5"  branch="false" />
			<line number="24"  hits="0"  branch="false" />
			<line number="27"  hits="3"  branch="false" />
		</lines>
		</class>
		<class name="state.js"  filename="src/store/state.js"  line-rate="1"  branch-rate="1" >
		<methods>
		</methods>
		<lines>
			<line number="30"  hits="1"  branch="false" />
		</lines>
		</class>
	</classes>
	</package>
</packages>
</coverage>
